<?xml version="1.0" encoding="UTF-8"?>
<!-- Generated by org.testng.reporters.JUnitXMLReporter -->
<testsuite ignored="0" hostname="LAPTOP-0PDP3944" failures="0" tests="11" name="Default test" time="118.348" errors="0" timestamp="28 Nov 2022 09:03:44 GMT">
  <testcase classname="com.selenium.test.FinalTest" name="Test1" time="4.194"/>
  <testcase classname="com.selenium.test.FinalTest" name="Test10" time="12.422"/>
  <testcase classname="com.selenium.test.FinalTest" name="Test11" time="19.571"/>
  <testcase classname="com.selenium.test.FinalTest" name="Test2" time="4.205"/>
  <testcase classname="com.selenium.test.FinalTest" name="Test3" time="4.202"/>
  <testcase classname="com.selenium.test.FinalTest" name="Test4" time="4.239"/>
  <testcase classname="com.selenium.test.FinalTest" name="Test5" time="10.361"/>
  <testcase classname="com.selenium.test.FinalTest" name="Test6" time="10.367"/>
  <testcase classname="com.selenium.test.FinalTest" name="Test7" time="10.355"/>
  <testcase classname="com.selenium.test.FinalTest" name="Test8" time="10.358"/>
  <testcase classname="com.selenium.test.FinalTest" name="Test9" time="10.349"/>
</testsuite> <!-- Default test -->
